<?xml version="1.0" encoding="UTF-8"?>
<!-- Generated by org.testng.reporters.JUnitReportReporter -->
<testsuite skipped="0" hostname="LAPTOP-0REMJV0P" name="com.w2a.testcases.BankManagerLoginTest" tests="1" failures="0" timestamp="21 Jan 2019 12:01:27 GMT" time="6.529" errors="0">
  <testcase name="bankManagerLoginTest" time="6.529" classname="com.w2a.testcases.BankManagerLoginTest"/>
</testsuite> <!-- com.w2a.testcases.BankManagerLoginTest -->
