<?xml version="1.0" encoding="UTF-8"?>
<!-- Generated by org.testng.reporters.JUnitReportReporter -->
<testsuite skipped="1" hostname="LAPTOP-0REMJV0P" name="com.w2a.testcases.OpenAccountTest" tests="1" failures="0" timestamp="21 Jan 2019 12:01:27 GMT" time="0.001" errors="0">
  <testcase name="openAccountTest" time="0.001" classname="com.w2a.testcases.OpenAccountTest">
    <skipped/>
  </testcase> <!-- openAccountTest -->
</testsuite> <!-- com.w2a.testcases.OpenAccountTest -->
